INFO - 2024-07-15 17:22:38 --> Session: Class initialized using 'CodeIgniter\Session\Handlers\FileHandler' driver.
ERROR - 2024-07-15 17:22:47 --> Error connecting to the database: mysqli_sql_exception: No se puede establecer una conexión ya que el equipo de destino denegó expresamente dicha conexión in C:\xampp\htdocs\ADSO_SENA_VII-crud_v2\vendor\codeigniter4\framework\system\Database\MySQLi\Connection.php:186
Stack trace:
#0 C:\xampp\htdocs\ADSO_SENA_VII-crud_v2\vendor\codeigniter4\framework\system\Database\MySQLi\Connection.php(186): mysqli->real_connect('localhost', 'root', Object(SensitiveParameterValue), 'api_proyecto', 3306, '', 0)
#1 C:\xampp\htdocs\ADSO_SENA_VII-crud_v2\vendor\codeigniter4\framework\system\Database\BaseConnection.php(421): CodeIgniter\Database\MySQLi\Connection->connect(false)
#2 C:\xampp\htdocs\ADSO_SENA_VII-crud_v2\vendor\codeigniter4\framework\system\Database\BaseConnection.php(604): CodeIgniter\Database\BaseConnection->initialize()
#3 C:\xampp\htdocs\ADSO_SENA_VII-crud_v2\app\Models\LoginModel.php(27): CodeIgniter\Database\BaseConnection->query('SELECT * FROM u...')
#4 C:\xampp\htdocs\ADSO_SENA_VII-crud_v2\app\Controllers\Login.php(37): App\Models\LoginModel->sp_get_user('wamoreno57@gmai...')
#5 C:\xampp\htdocs\ADSO_SENA_VII-crud_v2\vendor\codeigniter4\framework\system\CodeIgniter.php(933): App\Controllers\Login->logIn()
#6 C:\xampp\htdocs\ADSO_SENA_VII-crud_v2\vendor\codeigniter4\framework\system\CodeIgniter.php(509): CodeIgniter\CodeIgniter->runController(Object(App\Controllers\Login))
#7 C:\xampp\htdocs\ADSO_SENA_VII-crud_v2\vendor\codeigniter4\framework\system\CodeIgniter.php(355): CodeIgniter\CodeIgniter->handleRequest(NULL, Object(Config\Cache), false)
#8 C:\xampp\htdocs\ADSO_SENA_VII-crud_v2\vendor\codeigniter4\framework\system\Boot.php(312): CodeIgniter\CodeIgniter->run()
#9 C:\xampp\htdocs\ADSO_SENA_VII-crud_v2\vendor\codeigniter4\framework\system\Boot.php(67): CodeIgniter\Boot::runCodeIgniter(Object(CodeIgniter\CodeIgniter))
#10 C:\xampp\htdocs\ADSO_SENA_VII-crud_v2\public\index.php(56): CodeIgniter\Boot::bootWeb(Object(Config\Paths))
#11 C:\xampp\htdocs\ADSO_SENA_VII-crud_v2\vendor\codeigniter4\framework\system\Commands\Server\rewrite.php(49): require_once('C:\\xampp\\htdocs...')
#12 {main}

Next CodeIgniter\Database\Exceptions\DatabaseException: No se puede establecer una conexión ya que el equipo de destino denegó expresamente dicha conexión in C:\xampp\htdocs\ADSO_SENA_VII-crud_v2\vendor\codeigniter4\framework\system\Database\MySQLi\Connection.php:231
Stack trace:
#0 C:\xampp\htdocs\ADSO_SENA_VII-crud_v2\vendor\codeigniter4\framework\system\Database\BaseConnection.php(421): CodeIgniter\Database\MySQLi\Connection->connect(false)
#1 C:\xampp\htdocs\ADSO_SENA_VII-crud_v2\vendor\codeigniter4\framework\system\Database\BaseConnection.php(604): CodeIgniter\Database\BaseConnection->initialize()
#2 C:\xampp\htdocs\ADSO_SENA_VII-crud_v2\app\Models\LoginModel.php(27): CodeIgniter\Database\BaseConnection->query('SELECT * FROM u...')
#3 C:\xampp\htdocs\ADSO_SENA_VII-crud_v2\app\Controllers\Login.php(37): App\Models\LoginModel->sp_get_user('wamoreno57@gmai...')
#4 C:\xampp\htdocs\ADSO_SENA_VII-crud_v2\vendor\codeigniter4\framework\system\CodeIgniter.php(933): App\Controllers\Login->logIn()
#5 C:\xampp\htdocs\ADSO_SENA_VII-crud_v2\vendor\codeigniter4\framework\system\CodeIgniter.php(509): CodeIgniter\CodeIgniter->runController(Object(App\Controllers\Login))
#6 C:\xampp\htdocs\ADSO_SENA_VII-crud_v2\vendor\codeigniter4\framework\system\CodeIgniter.php(355): CodeIgniter\CodeIgniter->handleRequest(NULL, Object(Config\Cache), false)
#7 C:\xampp\htdocs\ADSO_SENA_VII-crud_v2\vendor\codeigniter4\framework\system\Boot.php(312): CodeIgniter\CodeIgniter->run()
#8 C:\xampp\htdocs\ADSO_SENA_VII-crud_v2\vendor\codeigniter4\framework\system\Boot.php(67): CodeIgniter\Boot::runCodeIgniter(Object(CodeIgniter\CodeIgniter))
#9 C:\xampp\htdocs\ADSO_SENA_VII-crud_v2\public\index.php(56): CodeIgniter\Boot::bootWeb(Object(Config\Paths))
#10 C:\xampp\htdocs\ADSO_SENA_VII-crud_v2\vendor\codeigniter4\framework\system\Commands\Server\rewrite.php(49): require_once('C:\\xampp\\htdocs...')
#11 {main}
CRITICAL - 2024-07-15 17:22:47 --> CodeIgniter\Database\Exceptions\DatabaseException: Unable to connect to the database.
Main connection [MySQLi]: No se puede establecer una conexión ya que el equipo de destino denegó expresamente dicha conexión
[Method: POST, Route: login/logIn]
in SYSTEMPATH\Database\BaseConnection.php on line 457.
 1 SYSTEMPATH\Database\BaseConnection.php(604): CodeIgniter\Database\BaseConnection->initialize()
 2 APPPATH\Models\LoginModel.php(27): CodeIgniter\Database\BaseConnection->query('SELECT * FROM users WHERE User_correo=\'wamoreno57@gmail.com\'')
 3 APPPATH\Controllers\Login.php(37): App\Models\LoginModel->sp_get_user('wamoreno57@gmail.com')
 4 SYSTEMPATH\CodeIgniter.php(933): App\Controllers\Login->logIn()
 5 SYSTEMPATH\CodeIgniter.php(509): CodeIgniter\CodeIgniter->runController(Object(App\Controllers\Login))
 6 SYSTEMPATH\CodeIgniter.php(355): CodeIgniter\CodeIgniter->handleRequest(null, Object(Config\Cache), false)
 7 SYSTEMPATH\Boot.php(312): CodeIgniter\CodeIgniter->run()
 8 SYSTEMPATH\Boot.php(67): CodeIgniter\Boot::runCodeIgniter(Object(CodeIgniter\CodeIgniter))
 9 FCPATH\index.php(56): CodeIgniter\Boot::bootWeb(Object(Config\Paths))
10 SYSTEMPATH\Commands\Server\rewrite.php(49): require_once('C:\\xampp\\htdocs\\ADSO_SENA_VII-crud_v2\\public\\index.php')
INFO - 2024-07-15 17:23:28 --> Session: Class initialized using 'CodeIgniter\Session\Handlers\FileHandler' driver.
INFO - 2024-07-15 17:23:29 --> Session: Class initialized using 'CodeIgniter\Session\Handlers\FileHandler' driver.
INFO - 2024-07-15 17:23:33 --> Session: Class initialized using 'CodeIgniter\Session\Handlers\FileHandler' driver.
INFO - 2024-07-15 17:23:34 --> Session: Class initialized using 'CodeIgniter\Session\Handlers\FileHandler' driver.
INFO - 2024-07-15 17:23:38 --> Session: Class initialized using 'CodeIgniter\Session\Handlers\FileHandler' driver.
INFO - 2024-07-15 17:23:43 --> Session: Class initialized using 'CodeIgniter\Session\Handlers\FileHandler' driver.
INFO - 2024-07-15 17:26:21 --> Session: Class initialized using 'CodeIgniter\Session\Handlers\FileHandler' driver.
CRITICAL - 2024-07-15 17:26:21 --> ErrorException: Array to string conversion
[Method: GET, Route: request]
in APPPATH\Views\request\table.php on line 21.
 1 APPPATH\Views\request\table.php(21): CodeIgniter\Debug\Exceptions->errorHandler(2, 'Array to string conversion', 'C:\\xampp\\htdocs\\ADSO_SENA_VII-crud_v2\\app\\Views\\request\\table.php', 21)
 2 APPPATH\Views\request\request_view.php(31): require_once('C:\\xampp\\htdocs\\ADSO_SENA_VII-crud_v2\\app\\Views\\request\\table.php')
 3 SYSTEMPATH\View\View.php(234): include('C:\\xampp\\htdocs\\ADSO_SENA_VII-crud_v2\\app\\Views\\request\\request_view.php')
 4 SYSTEMPATH\View\View.php(237): CodeIgniter\View\View->CodeIgniter\View\{closure}()
 5 SYSTEMPATH\Common.php(1171): CodeIgniter\View\View->render('request/request_view', [], true)
 6 APPPATH\Controllers\Request.php(53): view('request/request_view', [...])
 7 SYSTEMPATH\CodeIgniter.php(933): App\Controllers\Request->index()
 8 SYSTEMPATH\CodeIgniter.php(509): CodeIgniter\CodeIgniter->runController(Object(App\Controllers\Request))
 9 SYSTEMPATH\CodeIgniter.php(355): CodeIgniter\CodeIgniter->handleRequest(null, Object(Config\Cache), false)
10 SYSTEMPATH\Boot.php(312): CodeIgniter\CodeIgniter->run()
11 SYSTEMPATH\Boot.php(67): CodeIgniter\Boot::runCodeIgniter(Object(CodeIgniter\CodeIgniter))
12 FCPATH\index.php(56): CodeIgniter\Boot::bootWeb(Object(Config\Paths))
13 SYSTEMPATH\Commands\Server\rewrite.php(49): require_once('C:\\xampp\\htdocs\\ADSO_SENA_VII-crud_v2\\public\\index.php')
INFO - 2024-07-15 17:26:55 --> Session: Class initialized using 'CodeIgniter\Session\Handlers\FileHandler' driver.
CRITICAL - 2024-07-15 17:26:55 --> ErrorException: Array to string conversion
[Method: GET, Route: request]
in APPPATH\Views\request\table.php on line 21.
 1 APPPATH\Views\request\table.php(21): CodeIgniter\Debug\Exceptions->errorHandler(2, 'Array to string conversion', 'C:\\xampp\\htdocs\\ADSO_SENA_VII-crud_v2\\app\\Views\\request\\table.php', 21)
 2 APPPATH\Views\request\request_view.php(31): require_once('C:\\xampp\\htdocs\\ADSO_SENA_VII-crud_v2\\app\\Views\\request\\table.php')
 3 SYSTEMPATH\View\View.php(234): include('C:\\xampp\\htdocs\\ADSO_SENA_VII-crud_v2\\app\\Views\\request\\request_view.php')
 4 SYSTEMPATH\View\View.php(237): CodeIgniter\View\View->CodeIgniter\View\{closure}()
 5 SYSTEMPATH\Common.php(1171): CodeIgniter\View\View->render('request/request_view', [], true)
 6 APPPATH\Controllers\Request.php(53): view('request/request_view', [...])
 7 SYSTEMPATH\CodeIgniter.php(933): App\Controllers\Request->index()
 8 SYSTEMPATH\CodeIgniter.php(509): CodeIgniter\CodeIgniter->runController(Object(App\Controllers\Request))
 9 SYSTEMPATH\CodeIgniter.php(355): CodeIgniter\CodeIgniter->handleRequest(null, Object(Config\Cache), false)
10 SYSTEMPATH\Boot.php(312): CodeIgniter\CodeIgniter->run()
11 SYSTEMPATH\Boot.php(67): CodeIgniter\Boot::runCodeIgniter(Object(CodeIgniter\CodeIgniter))
12 FCPATH\index.php(56): CodeIgniter\Boot::bootWeb(Object(Config\Paths))
13 SYSTEMPATH\Commands\Server\rewrite.php(49): require_once('C:\\xampp\\htdocs\\ADSO_SENA_VII-crud_v2\\public\\index.php')
INFO - 2024-07-15 17:27:25 --> Session: Class initialized using 'CodeIgniter\Session\Handlers\FileHandler' driver.
CRITICAL - 2024-07-15 17:27:25 --> ErrorException: Cannot use [] for reading
[Method: GET, Route: request]
in APPPATH\Views\request\table.php on line 21.
 1 [internal function]: CodeIgniter\Debug\Exceptions->shutdownHandler()
INFO - 2024-07-15 17:27:38 --> Session: Class initialized using 'CodeIgniter\Session\Handlers\FileHandler' driver.
CRITICAL - 2024-07-15 17:27:38 --> ErrorException: Undefined array key 0
[Method: GET, Route: request]
in APPPATH\Views\request\table.php on line 21.
 1 APPPATH\Views\request\table.php(21): CodeIgniter\Debug\Exceptions->errorHandler(2, 'Undefined array key 0', 'C:\\xampp\\htdocs\\ADSO_SENA_VII-crud_v2\\app\\Views\\request\\table.php', 21)
 2 APPPATH\Views\request\request_view.php(31): require_once('C:\\xampp\\htdocs\\ADSO_SENA_VII-crud_v2\\app\\Views\\request\\table.php')
 3 SYSTEMPATH\View\View.php(234): include('C:\\xampp\\htdocs\\ADSO_SENA_VII-crud_v2\\app\\Views\\request\\request_view.php')
 4 SYSTEMPATH\View\View.php(237): CodeIgniter\View\View->CodeIgniter\View\{closure}()
 5 SYSTEMPATH\Common.php(1171): CodeIgniter\View\View->render('request/request_view', [], true)
 6 APPPATH\Controllers\Request.php(53): view('request/request_view', [...])
 7 SYSTEMPATH\CodeIgniter.php(933): App\Controllers\Request->index()
 8 SYSTEMPATH\CodeIgniter.php(509): CodeIgniter\CodeIgniter->runController(Object(App\Controllers\Request))
 9 SYSTEMPATH\CodeIgniter.php(355): CodeIgniter\CodeIgniter->handleRequest(null, Object(Config\Cache), false)
10 SYSTEMPATH\Boot.php(312): CodeIgniter\CodeIgniter->run()
11 SYSTEMPATH\Boot.php(67): CodeIgniter\Boot::runCodeIgniter(Object(CodeIgniter\CodeIgniter))
12 FCPATH\index.php(56): CodeIgniter\Boot::bootWeb(Object(Config\Paths))
13 SYSTEMPATH\Commands\Server\rewrite.php(49): require_once('C:\\xampp\\htdocs\\ADSO_SENA_VII-crud_v2\\public\\index.php')
INFO - 2024-07-15 17:28:24 --> Session: Class initialized using 'CodeIgniter\Session\Handlers\FileHandler' driver.
INFO - 2024-07-15 17:29:08 --> Session: Class initialized using 'CodeIgniter\Session\Handlers\FileHandler' driver.
INFO - 2024-07-15 17:32:04 --> Session: Class initialized using 'CodeIgniter\Session\Handlers\FileHandler' driver.
CRITICAL - 2024-07-15 17:32:04 --> ErrorException: Undefined array key "Request_status_name"
[Method: GET, Route: request]
in APPPATH\Views\request\table.php on line 21.
 1 APPPATH\Views\request\table.php(21): CodeIgniter\Debug\Exceptions->errorHandler(2, 'Undefined array key "Request_status_name"', 'C:\\xampp\\htdocs\\ADSO_SENA_VII-crud_v2\\app\\Views\\request\\table.php', 21)
 2 APPPATH\Views\request\request_view.php(31): require_once('C:\\xampp\\htdocs\\ADSO_SENA_VII-crud_v2\\app\\Views\\request\\table.php')
 3 SYSTEMPATH\View\View.php(234): include('C:\\xampp\\htdocs\\ADSO_SENA_VII-crud_v2\\app\\Views\\request\\request_view.php')
 4 SYSTEMPATH\View\View.php(237): CodeIgniter\View\View->CodeIgniter\View\{closure}()
 5 SYSTEMPATH\Common.php(1171): CodeIgniter\View\View->render('request/request_view', [], true)
 6 APPPATH\Controllers\Request.php(53): view('request/request_view', [...])
 7 SYSTEMPATH\CodeIgniter.php(933): App\Controllers\Request->index()
 8 SYSTEMPATH\CodeIgniter.php(509): CodeIgniter\CodeIgniter->runController(Object(App\Controllers\Request))
 9 SYSTEMPATH\CodeIgniter.php(355): CodeIgniter\CodeIgniter->handleRequest(null, Object(Config\Cache), false)
10 SYSTEMPATH\Boot.php(312): CodeIgniter\CodeIgniter->run()
11 SYSTEMPATH\Boot.php(67): CodeIgniter\Boot::runCodeIgniter(Object(CodeIgniter\CodeIgniter))
12 FCPATH\index.php(56): CodeIgniter\Boot::bootWeb(Object(Config\Paths))
13 SYSTEMPATH\Commands\Server\rewrite.php(49): require_once('C:\\xampp\\htdocs\\ADSO_SENA_VII-crud_v2\\public\\index.php')
INFO - 2024-07-15 17:38:58 --> Session: Class initialized using 'CodeIgniter\Session\Handlers\FileHandler' driver.
INFO - 2024-07-15 18:43:44 --> Session: Class initialized using 'CodeIgniter\Session\Handlers\FileHandler' driver.
CRITICAL - 2024-07-15 18:43:45 --> ErrorException: Undefined array key "Request_status_name"
[Method: GET, Route: request]
in APPPATH\Views\request\table.php on line 21.
 1 APPPATH\Views\request\table.php(21): CodeIgniter\Debug\Exceptions->errorHandler(2, 'Undefined array key "Request_status_name"', 'C:\\xampp\\htdocs\\ADSO_SENA_VII-crud_v2\\app\\Views\\request\\table.php', 21)
 2 APPPATH\Views\request\request_view.php(31): require_once('C:\\xampp\\htdocs\\ADSO_SENA_VII-crud_v2\\app\\Views\\request\\table.php')
 3 SYSTEMPATH\View\View.php(234): include('C:\\xampp\\htdocs\\ADSO_SENA_VII-crud_v2\\app\\Views\\request\\request_view.php')
 4 SYSTEMPATH\View\View.php(237): CodeIgniter\View\View->CodeIgniter\View\{closure}()
 5 SYSTEMPATH\Common.php(1171): CodeIgniter\View\View->render('request/request_view', [], true)
 6 APPPATH\Controllers\Request.php(53): view('request/request_view', [...])
 7 SYSTEMPATH\CodeIgniter.php(933): App\Controllers\Request->index()
 8 SYSTEMPATH\CodeIgniter.php(509): CodeIgniter\CodeIgniter->runController(Object(App\Controllers\Request))
 9 SYSTEMPATH\CodeIgniter.php(355): CodeIgniter\CodeIgniter->handleRequest(null, Object(Config\Cache), false)
10 SYSTEMPATH\Boot.php(312): CodeIgniter\CodeIgniter->run()
11 SYSTEMPATH\Boot.php(67): CodeIgniter\Boot::runCodeIgniter(Object(CodeIgniter\CodeIgniter))
12 FCPATH\index.php(56): CodeIgniter\Boot::bootWeb(Object(Config\Paths))
13 SYSTEMPATH\Commands\Server\rewrite.php(49): require_once('C:\\xampp\\htdocs\\ADSO_SENA_VII-crud_v2\\public\\index.php')
INFO - 2024-07-15 18:43:52 --> Session: Class initialized using 'CodeIgniter\Session\Handlers\FileHandler' driver.
INFO - 2024-07-15 18:47:55 --> Session: Class initialized using 'CodeIgniter\Session\Handlers\FileHandler' driver.
INFO - 2024-07-15 18:53:58 --> Session: Class initialized using 'CodeIgniter\Session\Handlers\FileHandler' driver.
INFO - 2024-07-15 18:54:54 --> Session: Class initialized using 'CodeIgniter\Session\Handlers\FileHandler' driver.
INFO - 2024-07-15 18:56:01 --> Session: Class initialized using 'CodeIgniter\Session\Handlers\FileHandler' driver.
INFO - 2024-07-15 18:56:21 --> Session: Class initialized using 'CodeIgniter\Session\Handlers\FileHandler' driver.
INFO - 2024-07-15 18:57:17 --> Session: Class initialized using 'CodeIgniter\Session\Handlers\FileHandler' driver.
INFO - 2024-07-15 18:57:57 --> Session: Class initialized using 'CodeIgniter\Session\Handlers\FileHandler' driver.
INFO - 2024-07-15 19:02:30 --> Session: Class initialized using 'CodeIgniter\Session\Handlers\FileHandler' driver.
INFO - 2024-07-15 19:06:18 --> Session: Class initialized using 'CodeIgniter\Session\Handlers\FileHandler' driver.
INFO - 2024-07-15 19:07:15 --> Session: Class initialized using 'CodeIgniter\Session\Handlers\FileHandler' driver.
INFO - 2024-07-15 19:07:57 --> Session: Class initialized using 'CodeIgniter\Session\Handlers\FileHandler' driver.
INFO - 2024-07-15 20:16:38 --> Session: Class initialized using 'CodeIgniter\Session\Handlers\FileHandler' driver.
CRITICAL - 2024-07-15 20:16:39 --> ErrorException: Undefined variable $users
[Method: GET, Route: userElement]
in APPPATH\Views\userElement\userElement_view.php on line 39.
 1 APPPATH\Views\userElement\userElement_view.php(39): CodeIgniter\Debug\Exceptions->errorHandler(2, 'Undefined variable $users', 'C:\\xampp\\htdocs\\ADSO_SENA_VII-crud_v2\\app\\Views\\userElement\\userElement_view.php', 39)
 2 SYSTEMPATH\View\View.php(234): include('C:\\xampp\\htdocs\\ADSO_SENA_VII-crud_v2\\app\\Views\\userElement\\userElement_view.php')
 3 SYSTEMPATH\View\View.php(237): CodeIgniter\View\View->CodeIgniter\View\{closure}()
 4 SYSTEMPATH\Common.php(1171): CodeIgniter\View\View->render('userElement/userElement_view', [], true)
 5 APPPATH\Controllers\UserElement.php(49): view('userElement/userElement_view', [...])
 6 SYSTEMPATH\CodeIgniter.php(933): App\Controllers\UserElement->index()
 7 SYSTEMPATH\CodeIgniter.php(509): CodeIgniter\CodeIgniter->runController(Object(App\Controllers\UserElement))
 8 SYSTEMPATH\CodeIgniter.php(355): CodeIgniter\CodeIgniter->handleRequest(null, Object(Config\Cache), false)
 9 SYSTEMPATH\Boot.php(312): CodeIgniter\CodeIgniter->run()
10 SYSTEMPATH\Boot.php(67): CodeIgniter\Boot::runCodeIgniter(Object(CodeIgniter\CodeIgniter))
11 FCPATH\index.php(56): CodeIgniter\Boot::bootWeb(Object(Config\Paths))
12 SYSTEMPATH\Commands\Server\rewrite.php(49): require_once('C:\\xampp\\htdocs\\ADSO_SENA_VII-crud_v2\\public\\index.php')
